2018-02-28T10:48:21.172+0800 I CONTROL  [main] ***** SERVER RESTARTED *****
2018-02-28T10:48:21.673+0800 I CONTROL  [initandlisten] MongoDB starting : pid=6544 port=27018 dbpath=./db 64-bit host=LiLiuzhu-PC
2018-02-28T10:48:21.673+0800 I CONTROL  [initandlisten] targetMinOS: Windows 7/Windows Server 2008 R2
2018-02-28T10:48:21.674+0800 I CONTROL  [initandlisten] db version v3.6.2
2018-02-28T10:48:21.674+0800 I CONTROL  [initandlisten] git version: 489d177dbd0f0420a8ca04d39fd78d0a2c539420
2018-02-28T10:48:21.674+0800 I CONTROL  [initandlisten] OpenSSL version: OpenSSL 1.0.1u-fips  22 Sep 2016
2018-02-28T10:48:21.674+0800 I CONTROL  [initandlisten] allocator: tcmalloc
2018-02-28T10:48:21.674+0800 I CONTROL  [initandlisten] modules: none
2018-02-28T10:48:21.674+0800 I CONTROL  [initandlisten] build environment:
2018-02-28T10:48:21.674+0800 I CONTROL  [initandlisten]     distmod: 2008plus-ssl
2018-02-28T10:48:21.674+0800 I CONTROL  [initandlisten]     distarch: x86_64
2018-02-28T10:48:21.675+0800 I CONTROL  [initandlisten]     target_arch: x86_64
2018-02-28T10:48:21.675+0800 I CONTROL  [initandlisten] options: { config: "mongo.conf", net: { port: 27018 }, storage: { dbPath: "./db", journal: { enabled: true } }, systemLog: { destination: "file", logAppend: true, path: "./db/logs/mongo.log", quiet: true } }
2018-02-28T10:48:21.677+0800 I -        [initandlisten] Detected data files in ./db created by the 'wiredTiger' storage engine, so setting the active storage engine to 'wiredTiger'.
2018-02-28T10:48:21.677+0800 I STORAGE  [initandlisten] wiredtiger_open config: create,cache_size=3514M,session_max=20000,eviction=(threads_min=4,threads_max=4),config_base=false,statistics=(fast),log=(enabled=true,archive=true,path=journal,compressor=snappy),file_manager=(close_idle_time=100000),statistics_log=(wait=0),verbose=(recovery_progress),
2018-02-28T10:48:22.023+0800 I STORAGE  [initandlisten] WiredTiger message [1519786102:22637][6544:140707747730256], txn-recover: Main recovery loop: starting at 18/121472
2018-02-28T10:48:22.154+0800 I STORAGE  [initandlisten] WiredTiger message [1519786102:153724][6544:140707747730256], txn-recover: Recovering log 18 through 19
2018-02-28T10:48:22.245+0800 I STORAGE  [initandlisten] WiredTiger message [1519786102:245386][6544:140707747730256], txn-recover: Recovering log 19 through 19
2018-02-28T10:48:22.514+0800 I CONTROL  [initandlisten] 
2018-02-28T10:48:22.514+0800 I CONTROL  [initandlisten] ** WARNING: Access control is not enabled for the database.
2018-02-28T10:48:22.514+0800 I CONTROL  [initandlisten] **          Read and write access to data and configuration is unrestricted.
2018-02-28T10:48:22.514+0800 I CONTROL  [initandlisten] 
2018-02-28T10:48:22.514+0800 I CONTROL  [initandlisten] ** WARNING: This server is bound to localhost.
2018-02-28T10:48:22.514+0800 I CONTROL  [initandlisten] **          Remote systems will be unable to connect to this server. 
2018-02-28T10:48:22.514+0800 I CONTROL  [initandlisten] **          Start the server with --bind_ip <address> to specify which IP 
2018-02-28T10:48:22.514+0800 I CONTROL  [initandlisten] **          addresses it should serve responses from, or with --bind_ip_all to
2018-02-28T10:48:22.514+0800 I CONTROL  [initandlisten] **          bind to all interfaces. If this behavior is desired, start the
2018-02-28T10:48:22.515+0800 I CONTROL  [initandlisten] **          server with --bind_ip 127.0.0.1 to disable this warning.
2018-02-28T10:48:22.515+0800 I CONTROL  [initandlisten] 
2018-02-28T10:48:22.515+0800 I CONTROL  [initandlisten] 
2018-02-28T10:48:22.515+0800 I CONTROL  [initandlisten] ** WARNING: The file system cache of this machine is configured to be greater than 40% of the total memory. This can lead to increased memory pressure and poor performance.
2018-02-28T10:48:22.515+0800 I CONTROL  [initandlisten] See http://dochub.mongodb.org/core/wt-windows-system-file-cache
2018-02-28T10:48:22.516+0800 I CONTROL  [initandlisten] 
2018-02-28T10:48:22.864+0800 I FTDC     [initandlisten] Initializing full-time diagnostic data capture with directory './db/diagnostic.data'
2018-02-28T10:48:22.867+0800 I NETWORK  [initandlisten] waiting for connections on port 27018
2018-02-28T10:49:04.735+0800 I NETWORK  [conn1] received client metadata from 127.0.0.1:50677 conn: { driver: { name: "nodejs", version: "3.0.2" }, os: { type: "Windows_NT", name: "win32", architecture: "x64", version: "6.3.9600" }, platform: "Node.js v8.4.0, LE, mongodb-core: 3.0.2" }
2018-02-28T10:49:12.196+0800 I CONTROL  [thread2] Ctrl-C signal
2018-02-28T10:49:12.196+0800 I CONTROL  [consoleTerminate] got CTRL_C_EVENT, will terminate after current cmd ends
2018-02-28T10:49:12.196+0800 I NETWORK  [consoleTerminate] shutdown: going to close listening sockets...
2018-02-28T10:49:12.197+0800 I FTDC     [consoleTerminate] Shutting down full-time diagnostic data capture
2018-02-28T10:49:12.202+0800 I STORAGE  [consoleTerminate] WiredTigerKVEngine shutting down
2018-02-28T10:49:12.593+0800 I STORAGE  [consoleTerminate] shutdown: removing fs lock...
2018-02-28T10:49:12.594+0800 I CONTROL  [consoleTerminate] now exiting
2018-02-28T10:49:12.594+0800 I CONTROL  [consoleTerminate] shutting down with code:12
2018-02-28T10:49:46.927+0800 I CONTROL  [main] ***** SERVER RESTARTED *****
2018-02-28T10:49:47.341+0800 I CONTROL  [initandlisten] MongoDB starting : pid=2984 port=27018 dbpath=./db 64-bit host=LiLiuzhu-PC
2018-02-28T10:49:47.341+0800 I CONTROL  [initandlisten] targetMinOS: Windows 7/Windows Server 2008 R2
2018-02-28T10:49:47.342+0800 I CONTROL  [initandlisten] db version v3.6.2
2018-02-28T10:49:47.342+0800 I CONTROL  [initandlisten] git version: 489d177dbd0f0420a8ca04d39fd78d0a2c539420
2018-02-28T10:49:47.342+0800 I CONTROL  [initandlisten] OpenSSL version: OpenSSL 1.0.1u-fips  22 Sep 2016
2018-02-28T10:49:47.342+0800 I CONTROL  [initandlisten] allocator: tcmalloc
2018-02-28T10:49:47.342+0800 I CONTROL  [initandlisten] modules: none
2018-02-28T10:49:47.342+0800 I CONTROL  [initandlisten] build environment:
2018-02-28T10:49:47.342+0800 I CONTROL  [initandlisten]     distmod: 2008plus-ssl
2018-02-28T10:49:47.342+0800 I CONTROL  [initandlisten]     distarch: x86_64
2018-02-28T10:49:47.342+0800 I CONTROL  [initandlisten]     target_arch: x86_64
2018-02-28T10:49:47.342+0800 I CONTROL  [initandlisten] options: { config: "mongo.conf", net: { port: 27018 }, storage: { dbPath: "./db", journal: { enabled: true } }, systemLog: { destination: "file", logAppend: true, path: "./db/logs/mongo.log", quiet: true } }
2018-02-28T10:49:47.343+0800 I -        [initandlisten] Detected data files in ./db created by the 'wiredTiger' storage engine, so setting the active storage engine to 'wiredTiger'.
2018-02-28T10:49:47.343+0800 I STORAGE  [initandlisten] wiredtiger_open config: create,cache_size=3514M,session_max=20000,eviction=(threads_min=4,threads_max=4),config_base=false,statistics=(fast),log=(enabled=true,archive=true,path=journal,compressor=snappy),file_manager=(close_idle_time=100000),statistics_log=(wait=0),verbose=(recovery_progress),
2018-02-28T10:49:47.670+0800 I STORAGE  [initandlisten] WiredTiger message [1519786187:670141][2984:140707747730256], txn-recover: Main recovery loop: starting at 19/4864
2018-02-28T10:49:47.810+0800 I STORAGE  [initandlisten] WiredTiger message [1519786187:810230][2984:140707747730256], txn-recover: Recovering log 19 through 20
2018-02-28T10:49:47.906+0800 I STORAGE  [initandlisten] WiredTiger message [1519786187:906316][2984:140707747730256], txn-recover: Recovering log 20 through 20
2018-02-28T10:49:48.642+0800 I CONTROL  [initandlisten] 
2018-02-28T10:49:48.643+0800 I CONTROL  [initandlisten] ** WARNING: Access control is not enabled for the database.
2018-02-28T10:49:48.643+0800 I CONTROL  [initandlisten] **          Read and write access to data and configuration is unrestricted.
2018-02-28T10:49:48.643+0800 I CONTROL  [initandlisten] 
2018-02-28T10:49:48.643+0800 I CONTROL  [initandlisten] ** WARNING: This server is bound to localhost.
2018-02-28T10:49:48.643+0800 I CONTROL  [initandlisten] **          Remote systems will be unable to connect to this server. 
2018-02-28T10:49:48.643+0800 I CONTROL  [initandlisten] **          Start the server with --bind_ip <address> to specify which IP 
2018-02-28T10:49:48.643+0800 I CONTROL  [initandlisten] **          addresses it should serve responses from, or with --bind_ip_all to
2018-02-28T10:49:48.643+0800 I CONTROL  [initandlisten] **          bind to all interfaces. If this behavior is desired, start the
2018-02-28T10:49:48.644+0800 I CONTROL  [initandlisten] **          server with --bind_ip 127.0.0.1 to disable this warning.
2018-02-28T10:49:48.644+0800 I CONTROL  [initandlisten] 
2018-02-28T10:49:48.644+0800 I CONTROL  [initandlisten] 
2018-02-28T10:49:48.644+0800 I CONTROL  [initandlisten] ** WARNING: The file system cache of this machine is configured to be greater than 40% of the total memory. This can lead to increased memory pressure and poor performance.
2018-02-28T10:49:48.644+0800 I CONTROL  [initandlisten] See http://dochub.mongodb.org/core/wt-windows-system-file-cache
2018-02-28T10:49:48.644+0800 I CONTROL  [initandlisten] 
2018-02-28T10:49:49.581+0800 I FTDC     [initandlisten] Initializing full-time diagnostic data capture with directory './db/diagnostic.data'
2018-02-28T10:49:49.582+0800 I NETWORK  [initandlisten] waiting for connections on port 27018
2018-02-28T10:50:08.143+0800 I CONTROL  [thread2] Ctrl-C signal
2018-02-28T10:50:08.143+0800 I CONTROL  [consoleTerminate] got CTRL_C_EVENT, will terminate after current cmd ends
2018-02-28T10:50:08.143+0800 I NETWORK  [consoleTerminate] shutdown: going to close listening sockets...
2018-02-28T10:50:08.144+0800 I FTDC     [consoleTerminate] Shutting down full-time diagnostic data capture
2018-02-28T10:50:08.148+0800 I STORAGE  [consoleTerminate] WiredTigerKVEngine shutting down
2018-02-28T10:50:08.555+0800 I STORAGE  [consoleTerminate] shutdown: removing fs lock...
2018-02-28T10:50:08.556+0800 I CONTROL  [consoleTerminate] now exiting
2018-02-28T10:50:08.556+0800 I CONTROL  [consoleTerminate] shutting down with code:12
2018-02-28T10:50:10.552+0800 I CONTROL  [main] ***** SERVER RESTARTED *****
2018-02-28T10:50:10.961+0800 I CONTROL  [initandlisten] MongoDB starting : pid=1956 port=27018 dbpath=./db 64-bit host=LiLiuzhu-PC
2018-02-28T10:50:10.961+0800 I CONTROL  [initandlisten] targetMinOS: Windows 7/Windows Server 2008 R2
2018-02-28T10:50:10.961+0800 I CONTROL  [initandlisten] db version v3.6.2
2018-02-28T10:50:10.961+0800 I CONTROL  [initandlisten] git version: 489d177dbd0f0420a8ca04d39fd78d0a2c539420
2018-02-28T10:50:10.961+0800 I CONTROL  [initandlisten] OpenSSL version: OpenSSL 1.0.1u-fips  22 Sep 2016
2018-02-28T10:50:10.961+0800 I CONTROL  [initandlisten] allocator: tcmalloc
2018-02-28T10:50:10.961+0800 I CONTROL  [initandlisten] modules: none
2018-02-28T10:50:10.961+0800 I CONTROL  [initandlisten] build environment:
2018-02-28T10:50:10.961+0800 I CONTROL  [initandlisten]     distmod: 2008plus-ssl
2018-02-28T10:50:10.961+0800 I CONTROL  [initandlisten]     distarch: x86_64
2018-02-28T10:50:10.961+0800 I CONTROL  [initandlisten]     target_arch: x86_64
2018-02-28T10:50:10.961+0800 I CONTROL  [initandlisten] options: { config: "mongo.conf", net: { port: 27018 }, storage: { dbPath: "./db", journal: { enabled: true } }, systemLog: { destination: "file", logAppend: true, path: "./db/logs/mongo.log", quiet: true } }
2018-02-28T10:50:10.963+0800 I -        [initandlisten] Detected data files in ./db created by the 'wiredTiger' storage engine, so setting the active storage engine to 'wiredTiger'.
2018-02-28T10:50:10.963+0800 I STORAGE  [initandlisten] wiredtiger_open config: create,cache_size=3514M,session_max=20000,eviction=(threads_min=4,threads_max=4),config_base=false,statistics=(fast),log=(enabled=true,archive=true,path=journal,compressor=snappy),file_manager=(close_idle_time=100000),statistics_log=(wait=0),verbose=(recovery_progress),
2018-02-28T10:50:11.211+0800 I STORAGE  [initandlisten] WiredTiger message [1519786211:210868][1956:140707747730256], txn-recover: Main recovery loop: starting at 20/4864
2018-02-28T10:50:11.348+0800 I STORAGE  [initandlisten] WiredTiger message [1519786211:347958][1956:140707747730256], txn-recover: Recovering log 20 through 21
2018-02-28T10:50:11.447+0800 I STORAGE  [initandlisten] WiredTiger message [1519786211:447081][1956:140707747730256], txn-recover: Recovering log 21 through 21
2018-02-28T10:50:11.716+0800 I CONTROL  [initandlisten] 
2018-02-28T10:50:11.716+0800 I CONTROL  [initandlisten] ** WARNING: Access control is not enabled for the database.
2018-02-28T10:50:11.716+0800 I CONTROL  [initandlisten] **          Read and write access to data and configuration is unrestricted.
2018-02-28T10:50:11.716+0800 I CONTROL  [initandlisten] 
2018-02-28T10:50:11.716+0800 I CONTROL  [initandlisten] ** WARNING: This server is bound to localhost.
2018-02-28T10:50:11.716+0800 I CONTROL  [initandlisten] **          Remote systems will be unable to connect to this server. 
2018-02-28T10:50:11.716+0800 I CONTROL  [initandlisten] **          Start the server with --bind_ip <address> to specify which IP 
2018-02-28T10:50:11.716+0800 I CONTROL  [initandlisten] **          addresses it should serve responses from, or with --bind_ip_all to
2018-02-28T10:50:11.716+0800 I CONTROL  [initandlisten] **          bind to all interfaces. If this behavior is desired, start the
2018-02-28T10:50:11.716+0800 I CONTROL  [initandlisten] **          server with --bind_ip 127.0.0.1 to disable this warning.
2018-02-28T10:50:11.716+0800 I CONTROL  [initandlisten] 
2018-02-28T10:50:11.716+0800 I CONTROL  [initandlisten] 
2018-02-28T10:50:11.716+0800 I CONTROL  [initandlisten] ** WARNING: The file system cache of this machine is configured to be greater than 40% of the total memory. This can lead to increased memory pressure and poor performance.
2018-02-28T10:50:11.716+0800 I CONTROL  [initandlisten] See http://dochub.mongodb.org/core/wt-windows-system-file-cache
2018-02-28T10:50:11.716+0800 I CONTROL  [initandlisten] 
2018-02-28T10:50:12.003+0800 I FTDC     [initandlisten] Initializing full-time diagnostic data capture with directory './db/diagnostic.data'
2018-02-28T10:50:12.005+0800 I NETWORK  [initandlisten] waiting for connections on port 27018
2018-02-28T10:50:15.898+0800 I NETWORK  [conn1] end connection 127.0.0.1:50728 (0 connections now open)
2018-02-28T10:50:18.280+0800 I NETWORK  [conn2] received client metadata from 127.0.0.1:50730 conn: { driver: { name: "nodejs", version: "3.0.2" }, os: { type: "Windows_NT", name: "win32", architecture: "x64", version: "6.3.9600" }, platform: "Node.js v8.4.0, LE, mongodb-core: 3.0.2" }
2018-02-28T10:50:37.436+0800 I CONTROL  [thread3] Ctrl-C signal
2018-02-28T10:50:37.436+0800 I CONTROL  [consoleTerminate] got CTRL_C_EVENT, will terminate after current cmd ends
2018-02-28T10:50:37.436+0800 I NETWORK  [consoleTerminate] shutdown: going to close listening sockets...
2018-02-28T10:50:37.437+0800 I FTDC     [consoleTerminate] Shutting down full-time diagnostic data capture
2018-02-28T10:50:37.441+0800 I STORAGE  [consoleTerminate] WiredTigerKVEngine shutting down
2018-02-28T10:50:37.820+0800 I STORAGE  [consoleTerminate] shutdown: removing fs lock...
2018-02-28T10:50:37.821+0800 I CONTROL  [consoleTerminate] now exiting
2018-02-28T10:50:37.821+0800 I CONTROL  [consoleTerminate] shutting down with code:12
2018-03-05T11:34:14.720+0800 I CONTROL  [main] ***** SERVER RESTARTED *****
2018-03-05T11:34:15.242+0800 I CONTROL  [initandlisten] MongoDB starting : pid=8176 port=27018 dbpath=./db 64-bit host=LiLiuzhu-PC
2018-03-05T11:34:15.242+0800 I CONTROL  [initandlisten] targetMinOS: Windows 7/Windows Server 2008 R2
2018-03-05T11:34:15.242+0800 I CONTROL  [initandlisten] db version v3.6.2
2018-03-05T11:34:15.242+0800 I CONTROL  [initandlisten] git version: 489d177dbd0f0420a8ca04d39fd78d0a2c539420
2018-03-05T11:34:15.242+0800 I CONTROL  [initandlisten] OpenSSL version: OpenSSL 1.0.1u-fips  22 Sep 2016
2018-03-05T11:34:15.242+0800 I CONTROL  [initandlisten] allocator: tcmalloc
2018-03-05T11:34:15.242+0800 I CONTROL  [initandlisten] modules: none
2018-03-05T11:34:15.243+0800 I CONTROL  [initandlisten] build environment:
2018-03-05T11:34:15.243+0800 I CONTROL  [initandlisten]     distmod: 2008plus-ssl
2018-03-05T11:34:15.243+0800 I CONTROL  [initandlisten]     distarch: x86_64
2018-03-05T11:34:15.243+0800 I CONTROL  [initandlisten]     target_arch: x86_64
2018-03-05T11:34:15.243+0800 I CONTROL  [initandlisten] options: { config: "mongo.conf", net: { port: 27018 }, storage: { dbPath: "./db", journal: { enabled: true } }, systemLog: { destination: "file", logAppend: true, path: "./db/logs/mongo.log", quiet: true } }
2018-03-05T11:34:15.245+0800 I -        [initandlisten] Detected data files in ./db created by the 'wiredTiger' storage engine, so setting the active storage engine to 'wiredTiger'.
2018-03-05T11:34:15.245+0800 I STORAGE  [initandlisten] wiredtiger_open config: create,cache_size=3514M,session_max=20000,eviction=(threads_min=4,threads_max=4),config_base=false,statistics=(fast),log=(enabled=true,archive=true,path=journal,compressor=snappy),file_manager=(close_idle_time=100000),statistics_log=(wait=0),verbose=(recovery_progress),
2018-03-05T11:34:15.485+0800 I STORAGE  [initandlisten] WiredTiger message [1520220855:484747][8176:140721703686992], txn-recover: Main recovery loop: starting at 21/4864
2018-03-05T11:34:15.618+0800 I STORAGE  [initandlisten] WiredTiger message [1520220855:617835][8176:140721703686992], txn-recover: Recovering log 21 through 22
2018-03-05T11:34:15.708+0800 I STORAGE  [initandlisten] WiredTiger message [1520220855:707891][8176:140721703686992], txn-recover: Recovering log 22 through 22
2018-03-05T11:34:16.010+0800 I CONTROL  [initandlisten] 
2018-03-05T11:34:16.010+0800 I CONTROL  [initandlisten] ** WARNING: Access control is not enabled for the database.
2018-03-05T11:34:16.010+0800 I CONTROL  [initandlisten] **          Read and write access to data and configuration is unrestricted.
2018-03-05T11:34:16.010+0800 I CONTROL  [initandlisten] 
2018-03-05T11:34:16.010+0800 I CONTROL  [initandlisten] ** WARNING: This server is bound to localhost.
2018-03-05T11:34:16.010+0800 I CONTROL  [initandlisten] **          Remote systems will be unable to connect to this server. 
2018-03-05T11:34:16.010+0800 I CONTROL  [initandlisten] **          Start the server with --bind_ip <address> to specify which IP 
2018-03-05T11:34:16.010+0800 I CONTROL  [initandlisten] **          addresses it should serve responses from, or with --bind_ip_all to
2018-03-05T11:34:16.011+0800 I CONTROL  [initandlisten] **          bind to all interfaces. If this behavior is desired, start the
2018-03-05T11:34:16.011+0800 I CONTROL  [initandlisten] **          server with --bind_ip 127.0.0.1 to disable this warning.
2018-03-05T11:34:16.011+0800 I CONTROL  [initandlisten] 
2018-03-05T11:34:16.011+0800 I CONTROL  [initandlisten] 
2018-03-05T11:34:16.011+0800 I CONTROL  [initandlisten] ** WARNING: The file system cache of this machine is configured to be greater than 40% of the total memory. This can lead to increased memory pressure and poor performance.
2018-03-05T11:34:16.011+0800 I CONTROL  [initandlisten] See http://dochub.mongodb.org/core/wt-windows-system-file-cache
2018-03-05T11:34:16.011+0800 I CONTROL  [initandlisten] 
2018-03-05T11:34:16.341+0800 I FTDC     [initandlisten] Initializing full-time diagnostic data capture with directory './db/diagnostic.data'
2018-03-05T11:34:16.343+0800 I NETWORK  [initandlisten] waiting for connections on port 27018
2018-03-05T11:34:30.112+0800 I NETWORK  [conn1] received client metadata from 127.0.0.1:51617 conn: { driver: { name: "nodejs", version: "3.0.2" }, os: { type: "Windows_NT", name: "win32", architecture: "x64", version: "6.3.9600" }, platform: "Node.js v8.4.0, LE, mongodb-core: 3.0.2" }
2018-03-05T12:05:17.586+0800 I NETWORK  [conn2] end connection 127.0.0.1:52371 (1 connection now open)
2018-03-05T12:05:17.586+0800 I NETWORK  [conn1] end connection 127.0.0.1:51617 (0 connections now open)
2018-03-05T12:05:21.611+0800 I NETWORK  [conn3] received client metadata from 127.0.0.1:52422 conn: { driver: { name: "nodejs", version: "3.0.2" }, os: { type: "Windows_NT", name: "win32", architecture: "x64", version: "6.3.9600" }, platform: "Node.js v8.4.0, LE, mongodb-core: 3.0.2" }
2018-03-05T12:05:45.049+0800 I NETWORK  [conn3] end connection 127.0.0.1:52422 (0 connections now open)
2018-03-05T12:05:48.218+0800 I NETWORK  [conn4] received client metadata from 127.0.0.1:52450 conn: { driver: { name: "nodejs", version: "3.0.2" }, os: { type: "Windows_NT", name: "win32", architecture: "x64", version: "6.3.9600" }, platform: "Node.js v8.4.0, LE, mongodb-core: 3.0.2" }
2018-03-05T12:07:41.207+0800 I NETWORK  [conn4] end connection 127.0.0.1:52450 (0 connections now open)
2018-03-05T12:07:44.387+0800 I NETWORK  [conn5] received client metadata from 127.0.0.1:52480 conn: { driver: { name: "nodejs", version: "3.0.2" }, os: { type: "Windows_NT", name: "win32", architecture: "x64", version: "6.3.9600" }, platform: "Node.js v8.4.0, LE, mongodb-core: 3.0.2" }
2018-03-05T12:08:01.696+0800 I NETWORK  [conn5] end connection 127.0.0.1:52480 (0 connections now open)
2018-03-05T12:08:04.411+0800 I NETWORK  [conn6] received client metadata from 127.0.0.1:52503 conn: { driver: { name: "nodejs", version: "3.0.2" }, os: { type: "Windows_NT", name: "win32", architecture: "x64", version: "6.3.9600" }, platform: "Node.js v8.4.0, LE, mongodb-core: 3.0.2" }
2018-03-05T12:12:59.016+0800 I CONTROL  [thread7] Ctrl-C signal
2018-03-05T12:12:59.016+0800 I CONTROL  [consoleTerminate] got CTRL_C_EVENT, will terminate after current cmd ends
2018-03-05T12:12:59.016+0800 I NETWORK  [consoleTerminate] shutdown: going to close listening sockets...
2018-03-05T12:12:59.016+0800 F CONTROL  [thread8] Encountered an error in PeriodicRunnerASIO: 由于线程退出或应用程序请求，已中止 I/O 操作。
2018-03-05T12:12:59.017+0800 F CONTROL  [thread8] Encountered an error in PeriodicRunnerASIO: 由于线程退出或应用程序请求，已中止 I/O 操作。
2018-03-05T12:12:59.018+0800 I FTDC     [consoleTerminate] Shutting down full-time diagnostic data capture
2018-03-05T12:12:59.027+0800 I STORAGE  [consoleTerminate] WiredTigerKVEngine shutting down
2018-03-05T12:12:59.393+0800 I STORAGE  [consoleTerminate] shutdown: removing fs lock...
2018-03-05T12:12:59.394+0800 I CONTROL  [consoleTerminate] now exiting
2018-03-05T12:12:59.394+0800 I CONTROL  [consoleTerminate] shutting down with code:12
